<?xml version="1.0" encoding="UTF-8"?>
<!-- Generated by org.testng.reporters.JUnitReportReporter -->
<testsuite hostname="Dipak" failures="0" tests="10" name="tests.PmoModuleTest.PmoAdminMeasurementuomPageTest" time="214.738" errors="0" timestamp="2023-03-28T16:09:01 IST" skipped="0">
  <testcase classname="tests.PmoModuleTest.PmoAdminMeasurementuomPageTest" name="LaunchPmomodule" time="21.768"/>
  <testcase classname="tests.PmoModuleTest.PmoAdminMeasurementuomPageTest" name="clickMeasurementUOMLink" time="5.802"/>
  <testcase classname="tests.PmoModuleTest.PmoAdminMeasurementuomPageTest" name="verifyHeader" time="10.179"/>
  <testcase classname="tests.PmoModuleTest.PmoAdminMeasurementuomPageTest" name="spaceInMeasurementUOM" time="20.778"/>
  <testcase classname="tests.PmoModuleTest.PmoAdminMeasurementuomPageTest" name="addMeasurementUOM" time="25.996"/>
  <testcase classname="tests.PmoModuleTest.PmoAdminMeasurementuomPageTest" name="editMeasurementUOM" time="51.553"/>
  <testcase classname="tests.PmoModuleTest.PmoAdminMeasurementuomPageTest" name="duplicateMeasurementUOM" time="31.474"/>
  <testcase classname="tests.PmoModuleTest.PmoAdminMeasurementuomPageTest" name="deleteMeasurementUOM" time="31.228"/>
  <testcase classname="tests.PmoModuleTest.PmoAdminMeasurementuomPageTest" name="excelExportMeasurementUOM" time="5.309"/>
  <testcase classname="tests.PmoModuleTest.PmoAdminMeasurementuomPageTest" name="saveDisableMeasurementUOM" time="10.651"/>
</testsuite> <!-- tests.PmoModuleTest.PmoAdminMeasurementuomPageTest -->
