<?xml version="1.0" encoding="UTF-8"?>
<!-- Generated by org.testng.reporters.JUnitReportReporter -->
<testsuite hostname="Dipak" failures="0" tests="27" name="pmoMyWorkspaceModuleTest.PmoMyWorkspaceImpactTest" time="652.760" errors="0" timestamp="2023-02-27T16:43:01 IST" skipped="4">
  <testcase classname="pmoMyWorkspaceModuleTest.PmoMyWorkspaceImpactTest" name="LaunchPmomodule" time="45.951"/>
  <testcase classname="pmoMyWorkspaceModuleTest.PmoMyWorkspaceImpactTest" name="serachAssetNum" time="10.976"/>
  <testcase classname="pmoMyWorkspaceModuleTest.PmoMyWorkspaceImpactTest" name="ValiadteAssetNum" time="10.231"/>
  <testcase classname="pmoMyWorkspaceModuleTest.PmoMyWorkspaceImpactTest" name="continueExerciseButtonpage" time="8.317"/>
  <testcase classname="pmoMyWorkspaceModuleTest.PmoMyWorkspaceImpactTest" name="Navigatetoimpact" time="18.342"/>
  <testcase classname="pmoMyWorkspaceModuleTest.PmoMyWorkspaceImpactTest" name="Tasksummary" time="68.113"/>
  <testcase classname="pmoMyWorkspaceModuleTest.PmoMyWorkspaceImpactTest" name="Allapproach" time="25.658"/>
  <testcase classname="pmoMyWorkspaceModuleTest.PmoMyWorkspaceImpactTest" name="Singleapproach" time="15.427"/>
  <testcase classname="pmoMyWorkspaceModuleTest.PmoMyWorkspaceImpactTest" name="Checkbox" time="11.208"/>
  <testcase classname="pmoMyWorkspaceModuleTest.PmoMyWorkspaceImpactTest" name="Tasksummarywithassociatedasset" time="25.715"/>
  <testcase classname="pmoMyWorkspaceModuleTest.PmoMyWorkspaceImpactTest" name="Taskevalutionwithassociatedasset" time="21.110"/>
  <testcase classname="pmoMyWorkspaceModuleTest.PmoMyWorkspaceImpactTest" name="Partcost" time="31.663"/>
  <testcase classname="pmoMyWorkspaceModuleTest.PmoMyWorkspaceImpactTest" name="Craftsummary" time="5.885"/>
  <testcase classname="pmoMyWorkspaceModuleTest.PmoMyWorkspaceImpactTest" name="Annuallaborhoursbycraft" time="79.214"/>
  <testcase classname="pmoMyWorkspaceModuleTest.PmoMyWorkspaceImpactTest" name="Associatedtasks" time="23.631"/>
  <testcase classname="pmoMyWorkspaceModuleTest.PmoMyWorkspaceImpactTest" name="Craftsummaryfilteration" time="25.163"/>
  <testcase classname="pmoMyWorkspaceModuleTest.PmoMyWorkspaceImpactTest" name="Partssummary" time="6.134"/>
  <testcase classname="pmoMyWorkspaceModuleTest.PmoMyWorkspaceImpactTest" name="Parttask" time="13.101"/>
  <testcase classname="pmoMyWorkspaceModuleTest.PmoMyWorkspaceImpactTest" name="Partsummaryfilteration" time="24.184"/>
  <testcase classname="pmoMyWorkspaceModuleTest.PmoMyWorkspaceImpactTest" name="Partsummaryassociatedttask" time="78.734"/>
  <testcase classname="pmoMyWorkspaceModuleTest.PmoMyWorkspaceImpactTest" name="Forensicanalysis" time="10.077"/>
  <testcase classname="pmoMyWorkspaceModuleTest.PmoMyWorkspaceImpactTest" name="Actionimpactsummary" time="78.862"/>
  <testcase classname="pmoMyWorkspaceModuleTest.PmoMyWorkspaceImpactTest" name="Forensicanalysisfilteration" time="15.064"/>
  <testcase classname="pmoMyWorkspaceModuleTest.PmoMyWorkspaceImpactTest" name="Digitizationexporttoexcel">
    <skipped/>
  </testcase> <!-- Digitizationexporttoexcel -->
  <testcase classname="pmoMyWorkspaceModuleTest.PmoMyWorkspaceImpactTest" name="Digitizationfilteration">
    <skipped/>
  </testcase> <!-- Digitizationfilteration -->
  <testcase classname="pmoMyWorkspaceModuleTest.PmoMyWorkspaceImpactTest" name="Dropdowns">
    <skipped/>
  </testcase> <!-- Dropdowns -->
  <testcase classname="pmoMyWorkspaceModuleTest.PmoMyWorkspaceImpactTest" name="Navigatetaskevalution">
    <skipped/>
  </testcase> <!-- Navigatetaskevalution -->
</testsuite> <!-- pmoMyWorkspaceModuleTest.PmoMyWorkspaceImpactTest -->
