<?xml version="1.0" encoding="UTF-8"?>
<!-- Generated by org.testng.reporters.JUnitReportReporter -->
<testsuite hostname="DESKTOP-AUNNS5C" failures="0" tests="9" name="tests.PCRPageTest.PCRAssetCategoryTest" time="247.516" errors="0" timestamp="2023-02-03T14:42:15 IST" skipped="0">
  <testcase classname="tests.PCRPageTest.PCRAssetCategoryTest" name="LaunchPCRmodule" time="39.560"/>
  <testcase classname="tests.PCRPageTest.PCRAssetCategoryTest" name="Master" time="11.127"/>
  <testcase classname="tests.PCRPageTest.PCRAssetCategoryTest" name="AssetCategory" time="41.636"/>
  <testcase classname="tests.PCRPageTest.PCRAssetCategoryTest" name="ValiAssetCategory" time="0.143"/>
  <testcase classname="tests.PCRPageTest.PCRAssetCategoryTest" name="EditAssetCategory" time="31.252"/>
  <testcase classname="tests.PCRPageTest.PCRAssetCategoryTest" name="ValieditAssetCategory" time="0.139"/>
  <testcase classname="tests.PCRPageTest.PCRAssetCategoryTest" name="duplicateAssetCategory" time="61.886"/>
  <testcase classname="tests.PCRPageTest.PCRAssetCategoryTest" name="DeleteAssetCategory" time="40.948"/>
  <testcase classname="tests.PCRPageTest.PCRAssetCategoryTest" name="Filter" time="20.825"/>
</testsuite> <!-- tests.PCRPageTest.PCRAssetCategoryTest -->
