<?xml version="1.0" encoding="UTF-8"?>
<!-- Generated by org.testng.reporters.JUnitReportReporter -->
<testsuite hostname="Dipak" failures="0" tests="10" name="tests.PCRPageTest.PCRComponentSubCategoryPageTest" time="285.901" errors="0" timestamp="2023-02-07T18:58:21 IST" skipped="0">
  <testcase classname="tests.PCRPageTest.PCRComponentSubCategoryPageTest" name="LaunchPCRmodule" time="38.467"/>
  <testcase classname="tests.PCRPageTest.PCRComponentSubCategoryPageTest" name="Master" time="20.803"/>
  <testcase classname="tests.PCRPageTest.PCRComponentSubCategoryPageTest" name="CreateRecord" time="51.740"/>
  <testcase classname="tests.PCRPageTest.PCRComponentSubCategoryPageTest" name="VerifyRecord" time="0.453"/>
  <testcase classname="tests.PCRPageTest.PCRComponentSubCategoryPageTest" name="Validation" time="40.706"/>
  <testcase classname="tests.PCRPageTest.PCRComponentSubCategoryPageTest" name="Update" time="36.149"/>
  <testcase classname="tests.PCRPageTest.PCRComponentSubCategoryPageTest" name="VerifyRecordDesc" time="0.142"/>
  <testcase classname="tests.PCRPageTest.PCRComponentSubCategoryPageTest" name="Filter" time="16.151"/>
  <testcase classname="tests.PCRPageTest.PCRComponentSubCategoryPageTest" name="Delete" time="40.852"/>
  <testcase classname="tests.PCRPageTest.PCRComponentSubCategoryPageTest" name="VerifyDelete" time="40.438"/>
</testsuite> <!-- tests.PCRPageTest.PCRComponentSubCategoryPageTest -->
