<?xml version="1.0" encoding="UTF-8"?>
<!-- Generated by org.testng.reporters.JUnitReportReporter -->
<testsuite hostname="Dipak" failures="0" tests="10" name="tests.PmoModuleTest.PmoAdminFrequencyPageTest" time="352.595" errors="0" timestamp="2023-03-28T15:44:06 IST" skipped="0">
  <testcase classname="tests.PmoModuleTest.PmoAdminFrequencyPageTest" name="LaunchPmomodule" time="22.812"/>
  <testcase classname="tests.PmoModuleTest.PmoAdminFrequencyPageTest" name="ClickFrequencyLink" time="10.298"/>
  <testcase classname="tests.PmoModuleTest.PmoAdminFrequencyPageTest" name="verifyHeader" time="10.524"/>
  <testcase classname="tests.PmoModuleTest.PmoAdminFrequencyPageTest" name="spaceInFrequency" time="31.084"/>
  <testcase classname="tests.PmoModuleTest.PmoAdminFrequencyPageTest" name="AddNewFrequency" time="41.492"/>
  <testcase classname="tests.PmoModuleTest.PmoAdminFrequencyPageTest" name="editFrequency" time="77.250"/>
  <testcase classname="tests.PmoModuleTest.PmoAdminFrequencyPageTest" name="duplicateFrequency" time="56.910"/>
  <testcase classname="tests.PmoModuleTest.PmoAdminFrequencyPageTest" name="deleteFrequency" time="71.243"/>
  <testcase classname="tests.PmoModuleTest.PmoAdminFrequencyPageTest" name="excelExport" time="10.368"/>
  <testcase classname="tests.PmoModuleTest.PmoAdminFrequencyPageTest" name="saveDisableFrequency" time="20.614"/>
</testsuite> <!-- tests.PmoModuleTest.PmoAdminFrequencyPageTest -->
