<?xml version="1.0" encoding="UTF-8"?>
<!-- Generated by org.testng.reporters.JUnitReportReporter -->
<testsuite hostname="Dipak" failures="0" tests="11" name="tests.PmoModuleTest.PmoAdminCraftPageTest" time="329.301" errors="0" timestamp="2023-03-28T16:09:01 IST" skipped="0">
  <testcase classname="tests.PmoModuleTest.PmoAdminCraftPageTest" name="LaunchPmomodule" time="23.008"/>
  <testcase classname="tests.PmoModuleTest.PmoAdminCraftPageTest" name="ClickonCraftmodule" time="5.271"/>
  <testcase classname="tests.PmoModuleTest.PmoAdminCraftPageTest" name="verifyHeader" time="10.955"/>
  <testcase classname="tests.PmoModuleTest.PmoAdminCraftPageTest" name="spaceInCraft" time="16.040"/>
  <testcase classname="tests.PmoModuleTest.PmoAdminCraftPageTest" name="addCraft" time="53.820"/>
  <testcase classname="tests.PmoModuleTest.PmoAdminCraftPageTest" name="editCraftMaster" time="83.407"/>
  <testcase classname="tests.PmoModuleTest.PmoAdminCraftPageTest" name="verifyDuplicateCraft" time="52.403"/>
  <testcase classname="tests.PmoModuleTest.PmoAdminCraftPageTest" name="deleteCraft" time="31.437"/>
  <testcase classname="tests.PmoModuleTest.PmoAdminCraftPageTest" name="excelFileCraft" time="5.320"/>
  <testcase classname="tests.PmoModuleTest.PmoAdminCraftPageTest" name="numericValidationCraft" time="32.125"/>
  <testcase classname="tests.PmoModuleTest.PmoAdminCraftPageTest" name="saveDisableCraft" time="15.515"/>
</testsuite> <!-- tests.PmoModuleTest.PmoAdminCraftPageTest -->
