<?xml version="1.0" encoding="UTF-8"?>
<!-- Generated by org.testng.reporters.JUnitReportReporter -->
<testsuite hostname="Dipak" failures="0" tests="14" name="tests.PmoModuleTest.PmoAdminMaterialPageTest" time="455.002" errors="0" timestamp="2023-03-28T16:46:11 IST" skipped="1">
  <testcase classname="tests.PmoModuleTest.PmoAdminMaterialPageTest" name="LaunchPmomodule" time="23.274"/>
  <testcase classname="tests.PmoModuleTest.PmoAdminMaterialPageTest" name="clickMaterialLink" time="5.310"/>
  <testcase classname="tests.PmoModuleTest.PmoAdminMaterialPageTest" name="verifyMaterialHeader" time="11.064"/>
  <testcase classname="tests.PmoModuleTest.PmoAdminMaterialPageTest" name="spaceInMaterial" time="26.381"/>
  <testcase classname="tests.PmoModuleTest.PmoAdminMaterialPageTest" name="addPart" time="47.350"/>
  <testcase classname="tests.PmoModuleTest.PmoAdminMaterialPageTest" name="editPart" time="68.697"/>
  <testcase classname="tests.PmoModuleTest.PmoAdminMaterialPageTest" name="deleteMaterial" time="52.100"/>
  <testcase classname="tests.PmoModuleTest.PmoAdminMaterialPageTest" name="numericValidationMaterial" time="37.929"/>
  <testcase classname="tests.PmoModuleTest.PmoAdminMaterialPageTest" name="excelExportMMaterial" time="5.403"/>
  <testcase classname="tests.PmoModuleTest.PmoAdminMaterialPageTest" name="verifyMaterialSaveButtonIsDisable" time="10.683"/>
  <testcase classname="tests.PmoModuleTest.PmoAdminMaterialPageTest" name="navigateToTotalInventory" time="5.463"/>
  <testcase classname="tests.PmoModuleTest.PmoAdminMaterialPageTest" name="searchItemTotalInventory" time="71.017"/>
  <testcase classname="tests.PmoModuleTest.PmoAdminMaterialPageTest" name="addItemTotalInventory" time="90.331"/>
  <testcase classname="tests.PmoModuleTest.PmoAdminMaterialPageTest" name="duplicatePart">
    <skipped/>
  </testcase> <!-- duplicatePart -->
</testsuite> <!-- tests.PmoModuleTest.PmoAdminMaterialPageTest -->
