<?xml version="1.0" encoding="UTF-8"?>
<!-- Generated by org.testng.reporters.JUnitReportReporter -->
<testsuite hostname="DESKTOP-GIUBRHR" failures="0" tests="12" name="tests.PCRPageTest.PCRCauseTest" time="1081.598" errors="0" timestamp="2023-02-10T14:26:40 IST" skipped="0">
  <testcase classname="tests.PCRPageTest.PCRCauseTest" name="LaunchPCRmodule" time="39.929"/>
  <testcase classname="tests.PCRPageTest.PCRCauseTest" name="navigatetoMasterLink" time="10.597"/>
  <testcase classname="tests.PCRPageTest.PCRCauseTest" name="navigatetoCauseLink" time="21.333"/>
  <testcase classname="tests.PCRPageTest.PCRCauseTest" name="addNewRecord" time="107.055"/>
  <testcase classname="tests.PCRPageTest.PCRCauseTest" name="duplicateRecord" time="211.184"/>
  <testcase classname="tests.PCRPageTest.PCRCauseTest" name="validateAddNewRecord" time="20.253"/>
  <testcase classname="tests.PCRPageTest.PCRCauseTest" name="saveButtonForBlankRecords" time="104.033"/>
  <testcase classname="tests.PCRPageTest.PCRCauseTest" name="editRecord" time="162.556"/>
  <testcase classname="tests.PCRPageTest.PCRCauseTest" name="validateEditedRecord" time="20.180"/>
  <testcase classname="tests.PCRPageTest.PCRCauseTest" name="deleteRecord" time="182.360"/>
  <testcase classname="tests.PCRPageTest.PCRCauseTest" name="validateDeletedRecord" time="20.159"/>
  <testcase classname="tests.PCRPageTest.PCRCauseTest" name="noDeleteRecord" time="181.959"/>
</testsuite> <!-- tests.PCRPageTest.PCRCauseTest -->
