<?xml version="1.0" encoding="UTF-8"?>
<!-- Generated by org.testng.reporters.JUnitReportReporter -->
<testsuite hostname="DESKTOP-0IR7D7Q" failures="0" tests="2" name="tests.ModernaTest.TestNGAnnotations" time="0.019" errors="0" timestamp="2024-06-03T09:55:35 IST" skipped="0">
  <testcase classname="tests.ModernaTest.TestNGAnnotations" name="test1" time="0.013"/>
  <testcase classname="tests.ModernaTest.TestNGAnnotations" name="test2" time="0.006"/>
</testsuite> <!-- tests.ModernaTest.TestNGAnnotations -->
