<?xml version="1.0" encoding="UTF-8"?>
<!-- Generated by org.testng.reporters.JUnitReportReporter -->
<testsuite hostname="Dipak" failures="0" tests="10" name="tests.PmoModuleTest.PmoAdminDepartmentPageTest" time="231.082" errors="0" timestamp="2023-03-28T15:44:06 IST" skipped="0">
  <testcase classname="tests.PmoModuleTest.PmoAdminDepartmentPageTest" name="LaunchPmomodule" time="22.731"/>
  <testcase classname="tests.PmoModuleTest.PmoAdminDepartmentPageTest" name="Clickondepartmentmodule" time="10.252"/>
  <testcase classname="tests.PmoModuleTest.PmoAdminDepartmentPageTest" name="verifyHeader" time="10.537"/>
  <testcase classname="tests.PmoModuleTest.PmoAdminDepartmentPageTest" name="spaceInDepartment" time="20.807"/>
  <testcase classname="tests.PmoModuleTest.PmoAdminDepartmentPageTest" name="addDepartment" time="21.288"/>
  <testcase classname="tests.PmoModuleTest.PmoAdminDepartmentPageTest" name="editDepartment" time="21.579"/>
  <testcase classname="tests.PmoModuleTest.PmoAdminDepartmentPageTest" name="duplicateDepartment" time="21.777"/>
  <testcase classname="tests.PmoModuleTest.PmoAdminDepartmentPageTest" name="deleteDepartment" time="51.098"/>
  <testcase classname="tests.PmoModuleTest.PmoAdminDepartmentPageTest" name="excelExport" time="30.333"/>
  <testcase classname="tests.PmoModuleTest.PmoAdminDepartmentPageTest" name="saveDisableDepartment" time="20.680"/>
</testsuite> <!-- tests.PmoModuleTest.PmoAdminDepartmentPageTest -->
