<?xml version="1.0" encoding="UTF-8"?>
<!-- Generated by org.testng.reporters.JUnitReportReporter -->
<testsuite hostname="Dipak" failures="0" tests="10" name="tests.PCRPageTest.PCRComponentSubTypePageTest" time="357.677" errors="0" timestamp="2023-02-07T16:32:34 IST" skipped="0">
  <testcase classname="tests.PCRPageTest.PCRComponentSubTypePageTest" name="LaunchPCRmodule" time="38.586"/>
  <testcase classname="tests.PCRPageTest.PCRComponentSubTypePageTest" name="Master" time="20.776"/>
  <testcase classname="tests.PCRPageTest.PCRComponentSubTypePageTest" name="CreateRecord" time="51.705"/>
  <testcase classname="tests.PCRPageTest.PCRComponentSubTypePageTest" name="VerifyRecord" time="0.132"/>
  <testcase classname="tests.PCRPageTest.PCRComponentSubTypePageTest" name="Validation" time="112.494"/>
  <testcase classname="tests.PCRPageTest.PCRComponentSubTypePageTest" name="Update" time="36.080"/>
  <testcase classname="tests.PCRPageTest.PCRComponentSubTypePageTest" name="VerifyRecordDesc" time="0.156"/>
  <testcase classname="tests.PCRPageTest.PCRComponentSubTypePageTest" name="Filter" time="16.229"/>
  <testcase classname="tests.PCRPageTest.PCRComponentSubTypePageTest" name="Delete" time="40.767"/>
  <testcase classname="tests.PCRPageTest.PCRComponentSubTypePageTest" name="VerifyDelete" time="40.752"/>
</testsuite> <!-- tests.PCRPageTest.PCRComponentSubTypePageTest -->
