<?xml version="1.0" encoding="UTF-8"?>
<!-- Generated by org.testng.reporters.JUnitReportReporter -->
<testsuite hostname="DESKTOP-GIUBRHR" failures="0" tests="1" name="pmoMyWorkspaceModuleTest.PmoMyWorkspaceTaskMappingTest" time="52.651" errors="0" timestamp="2023-02-17T18:44:48 IST" skipped="0">
  <testcase classname="pmoMyWorkspaceModuleTest.PmoMyWorkspaceTaskMappingTest" name="LaunchPmomodule" time="52.651"/>
</testsuite> <!-- pmoMyWorkspaceModuleTest.PmoMyWorkspaceTaskMappingTest -->
