<?xml version="1.0" encoding="UTF-8"?>
<!-- Generated by org.testng.reporters.JUnitReportReporter -->
<testsuite hostname="Dipak" failures="0" tests="10" name="tests.PmoModuleTest.PmoAdminTaskDestinationPageTest" time="393.519" errors="0" timestamp="2023-03-28T15:44:06 IST" skipped="0">
  <testcase classname="tests.PmoModuleTest.PmoAdminTaskDestinationPageTest" name="LaunchPmomodule" time="23.246"/>
  <testcase classname="tests.PmoModuleTest.PmoAdminTaskDestinationPageTest" name="ClickTaskDestinationLink" time="10.734"/>
  <testcase classname="tests.PmoModuleTest.PmoAdminTaskDestinationPageTest" name="verifyHeader" time="10.215"/>
  <testcase classname="tests.PmoModuleTest.PmoAdminTaskDestinationPageTest" name="spaceInTaskDestination" time="41.313"/>
  <testcase classname="tests.PmoModuleTest.PmoAdminTaskDestinationPageTest" name="AddNewTaskDestination" time="51.484"/>
  <testcase classname="tests.PmoModuleTest.PmoAdminTaskDestinationPageTest" name="editTaskDestination" time="82.313"/>
  <testcase classname="tests.PmoModuleTest.PmoAdminTaskDestinationPageTest" name="duplicateTaskDestination" time="62.273"/>
  <testcase classname="tests.PmoModuleTest.PmoAdminTaskDestinationPageTest" name="deleteTaskDestination" time="71.077"/>
  <testcase classname="tests.PmoModuleTest.PmoAdminTaskDestinationPageTest" name="excelExport" time="10.292"/>
  <testcase classname="tests.PmoModuleTest.PmoAdminTaskDestinationPageTest" name="saveDisableTaskDestination" time="30.572"/>
</testsuite> <!-- tests.PmoModuleTest.PmoAdminTaskDestinationPageTest -->
