<?xml version="1.0" encoding="UTF-8"?>
<!-- Generated by org.testng.reporters.JUnitReportReporter -->
<testsuite hostname="DESKTOP-GIUBRHR" failures="0" tests="12" name="tests.PCRPageTest.PCRApplicationTest" time="693.561" errors="0" timestamp="2023-02-13T19:36:01 IST" skipped="0">
  <testcase classname="tests.PCRPageTest.PCRApplicationTest" name="LaunchPCRmodule" time="40.184"/>
  <testcase classname="tests.PCRPageTest.PCRApplicationTest" name="navigatetoMasterLink" time="10.638"/>
  <testcase classname="tests.PCRPageTest.PCRApplicationTest" name="navigatetoApplicationLink" time="20.561"/>
  <testcase classname="tests.PCRPageTest.PCRApplicationTest" name="addNewRecord" time="104.684"/>
  <testcase classname="tests.PCRPageTest.PCRApplicationTest" name="duplicateRecord" time="207.937"/>
  <testcase classname="tests.PCRPageTest.PCRApplicationTest" name="validateAddNewRecord" time="20.188"/>
  <testcase classname="tests.PCRPageTest.PCRApplicationTest" name="saveButtonForBlankRecords" time="103.636"/>
  <testcase classname="tests.PCRPageTest.PCRApplicationTest" name="editRecord" time="51.226"/>
  <testcase classname="tests.PCRPageTest.PCRApplicationTest" name="validateEditedRecord" time="20.596"/>
  <testcase classname="tests.PCRPageTest.PCRApplicationTest" name="deleteRecord" time="46.801"/>
  <testcase classname="tests.PCRPageTest.PCRApplicationTest" name="validateDeletedRecord" time="20.213"/>
  <testcase classname="tests.PCRPageTest.PCRApplicationTest" name="noDeleteRecord" time="46.897"/>
</testsuite> <!-- tests.PCRPageTest.PCRApplicationTest -->
