<?xml version="1.0" encoding="UTF-8"?>
<!-- Generated by org.testng.reporters.JUnitReportReporter -->
<testsuite hostname="DESKTOP-GIUBRHR" failures="0" tests="12" name="tests.PCRPageTest.PCREffectTest" time="896.018" errors="0" timestamp="2023-02-10T16:19:41 IST" skipped="0">
  <testcase classname="tests.PCRPageTest.PCREffectTest" name="LaunchPCRmodule" time="39.506"/>
  <testcase classname="tests.PCRPageTest.PCREffectTest" name="navigatetoMasterLink" time="10.743"/>
  <testcase classname="tests.PCRPageTest.PCREffectTest" name="navigatetoEffectLink" time="20.569"/>
  <testcase classname="tests.PCRPageTest.PCREffectTest" name="addNewRecord" time="106.229"/>
  <testcase classname="tests.PCRPageTest.PCREffectTest" name="duplicateRecord" time="209.757"/>
  <testcase classname="tests.PCRPageTest.PCREffectTest" name="validateAddNewRecord" time="20.188"/>
  <testcase classname="tests.PCRPageTest.PCREffectTest" name="saveButtonForBlankRecords" time="103.818"/>
  <testcase classname="tests.PCRPageTest.PCREffectTest" name="editRecord" time="101.284"/>
  <testcase classname="tests.PCRPageTest.PCREffectTest" name="validateEditedRecord" time="20.145"/>
  <testcase classname="tests.PCRPageTest.PCREffectTest" name="deleteRecord" time="121.750"/>
  <testcase classname="tests.PCRPageTest.PCREffectTest" name="validateDeletedRecord" time="20.304"/>
  <testcase classname="tests.PCRPageTest.PCREffectTest" name="noDeleteRecord" time="121.725"/>
</testsuite> <!-- tests.PCRPageTest.PCREffectTest -->
