<?xml version="1.0" encoding="UTF-8"?>
<!-- Generated by org.testng.reporters.JUnitReportReporter -->
<testsuite hostname="Dipak" failures="0" tests="10" name="tests.PCRPageTest.PCRComponentTypePageTest" time="220.105" errors="0" timestamp="2023-02-06T12:46:50 IST" skipped="0">
  <testcase classname="tests.PCRPageTest.PCRComponentTypePageTest" name="LaunchPCRmodule" time="37.826"/>
  <testcase classname="tests.PCRPageTest.PCRComponentTypePageTest" name="Master" time="20.772"/>
  <testcase classname="tests.PCRPageTest.PCRComponentTypePageTest" name="CreateRecord" time="31.063"/>
  <testcase classname="tests.PCRPageTest.PCRComponentTypePageTest" name="VerifyRecord" time="0.289"/>
  <testcase classname="tests.PCRPageTest.PCRComponentTypePageTest" name="Validation" time="36.173"/>
  <testcase classname="tests.PCRPageTest.PCRComponentTypePageTest" name="Update" time="36.589"/>
  <testcase classname="tests.PCRPageTest.PCRComponentTypePageTest" name="VerifyRecordDesc" time="0.110"/>
  <testcase classname="tests.PCRPageTest.PCRComponentTypePageTest" name="Filter" time="16.441"/>
  <testcase classname="tests.PCRPageTest.PCRComponentTypePageTest" name="Delete" time="30.687"/>
  <testcase classname="tests.PCRPageTest.PCRComponentTypePageTest" name="VerifyDelete" time="10.155"/>
</testsuite> <!-- tests.PCRPageTest.PCRComponentTypePageTest -->
