<?xml version="1.0" encoding="UTF-8"?>
<!-- Generated by org.testng.reporters.JUnitReportReporter -->
<testsuite hostname="DESKTOP-0IR7D7Q" failures="0" tests="3" name="PracticeTest.Priority_in_TestNG" time="0.023" errors="0" timestamp="2024-06-05T10:37:59 IST" skipped="0">
  <testcase classname="PracticeTest.Priority_in_TestNG" name="testMethodA" time="0.014"/>
  <testcase classname="PracticeTest.Priority_in_TestNG" name="testMethodB" time="0.004"/>
  <testcase classname="PracticeTest.Priority_in_TestNG" name="testMethodC" time="0.005"/>
</testsuite> <!-- PracticeTest.Priority_in_TestNG -->
