<?xml version="1.0" encoding="UTF-8"?>
<!-- Generated by org.testng.reporters.JUnitReportReporter -->
<testsuite hostname="Dipak" failures="0" tests="1" name="tests.ModernaTest.FailureHierarchy" time="106.466" errors="0" timestamp="2023-06-13T14:49:51 IST" skipped="0">
  <testcase classname="tests.ModernaTest.FailureHierarchy" name="f" time="106.466"/>
</testsuite> <!-- tests.ModernaTest.FailureHierarchy -->
