<?xml version="1.0" encoding="UTF-8"?>
<!-- Generated by org.testng.reporters.JUnitReportReporter -->
<testsuite hostname="Dipak" failures="0" tests="10" name="tests.PCRPageTest.PCRComponentCategoryPageTest" time="110.766" errors="0" timestamp="2023-02-06T15:15:49 IST" skipped="6">
  <testcase classname="tests.PCRPageTest.PCRComponentCategoryPageTest" name="LaunchPCRmodule" time="38.394"/>
  <testcase classname="tests.PCRPageTest.PCRComponentCategoryPageTest" name="Master" time="20.827"/>
  <testcase classname="tests.PCRPageTest.PCRComponentCategoryPageTest" name="Delete" time="41.061"/>
  <testcase classname="tests.PCRPageTest.PCRComponentCategoryPageTest" name="VerifyDelete" time="10.484"/>
  <testcase classname="tests.PCRPageTest.PCRComponentCategoryPageTest" name="VerifyRecordDesc">
    <skipped/>
  </testcase> <!-- VerifyRecordDesc -->
  <testcase classname="tests.PCRPageTest.PCRComponentCategoryPageTest" name="Filter">
    <skipped/>
  </testcase> <!-- Filter -->
  <testcase classname="tests.PCRPageTest.PCRComponentCategoryPageTest" name="Validation">
    <skipped/>
  </testcase> <!-- Validation -->
  <testcase classname="tests.PCRPageTest.PCRComponentCategoryPageTest" name="Update">
    <skipped/>
  </testcase> <!-- Update -->
  <testcase classname="tests.PCRPageTest.PCRComponentCategoryPageTest" name="VerifyRecord">
    <skipped/>
  </testcase> <!-- VerifyRecord -->
  <testcase classname="tests.PCRPageTest.PCRComponentCategoryPageTest" name="CreateRecord">
    <skipped/>
  </testcase> <!-- CreateRecord -->
</testsuite> <!-- tests.PCRPageTest.PCRComponentCategoryPageTest -->
