<?xml version="1.0" encoding="UTF-8"?>
<!-- Generated by org.testng.reporters.JUnitReportReporter -->
<testsuite hostname="DESKTOP-0IR7D7Q" failures="0" tests="3" name="TESTNG_Automation.GroupsDemoTest" time="0.033" errors="0" timestamp="2024-06-11T11:05:44 IST" skipped="0">
  <testcase classname="TESTNG_Automation.GroupsDemoTest" name="bTest3" time="0.008"/>
  <testcase classname="TESTNG_Automation.GroupsDemoTest" name="aTest1" time="0.018"/>
  <testcase classname="TESTNG_Automation.GroupsDemoTest" name="bTest2" time="0.007"/>
</testsuite> <!-- TESTNG_Automation.GroupsDemoTest -->
