<?xml version="1.0" encoding="UTF-8"?>
<!-- Generated by org.testng.reporters.JUnitReportReporter -->
<testsuite hostname="DESKTOP-0IR7D7Q" failures="0" tests="2" name="ui.LoginTest" time="0.020" errors="0" timestamp="2024-06-10T13:43:03 IST" skipped="0">
  <testcase classname="ui.LoginTest" name="bloginTest" time="0.017"/>
  <testcase classname="ui.LoginTest" name="alogoutTest" time="0.003"/>
</testsuite> <!-- ui.LoginTest -->
