<?xml version="1.0" encoding="UTF-8"?>
<!-- Generated by org.testng.reporters.JUnitReportReporter -->
<testsuite hostname="Dipak" failures="0" tests="17" name="tests.PmoModuleTest.PmoAdministratorRPNPageTest" time="467.964" errors="0" timestamp="2023-03-28T16:46:11 IST" skipped="0">
  <testcase classname="tests.PmoModuleTest.PmoAdministratorRPNPageTest" name="LaunchPmomodule" time="24.806"/>
  <testcase classname="tests.PmoModuleTest.PmoAdministratorRPNPageTest" name="clickRPNsLink" time="0.397"/>
  <testcase classname="tests.PmoModuleTest.PmoAdministratorRPNPageTest" name="verifyHeader" time="10.509"/>
  <testcase classname="tests.PmoModuleTest.PmoAdministratorRPNPageTest" name="editRPNs" time="61.816"/>
  <testcase classname="tests.PmoModuleTest.PmoAdministratorRPNPageTest" name="checkAddedRPNsInList" time="40.848"/>
  <testcase classname="tests.PmoModuleTest.PmoAdministratorRPNPageTest" name="spaceInRPNs" time="41.199"/>
  <testcase classname="tests.PmoModuleTest.PmoAdministratorRPNPageTest" name="severityExcelExport" time="10.269"/>
  <testcase classname="tests.PmoModuleTest.PmoAdministratorRPNPageTest" name="clickOccuranceLink" time="10.607"/>
  <testcase classname="tests.PmoModuleTest.PmoAdministratorRPNPageTest" name="editOccurance" time="71.657"/>
  <testcase classname="tests.PmoModuleTest.PmoAdministratorRPNPageTest" name="checkUpdatedOccuranceInList" time="40.881"/>
  <testcase classname="tests.PmoModuleTest.PmoAdministratorRPNPageTest" name="spaceInOccurance" time="51.237"/>
  <testcase classname="tests.PmoModuleTest.PmoAdministratorRPNPageTest" name="occuranceExcelExport" time="10.278"/>
  <testcase classname="tests.PmoModuleTest.PmoAdministratorRPNPageTest" name="clickRPNLink" time="10.459"/>
  <testcase classname="tests.PmoModuleTest.PmoAdministratorRPNPageTest" name="editRPN" time="41.343"/>
  <testcase classname="tests.PmoModuleTest.PmoAdministratorRPNPageTest" name="checkUpdatedRPNInList" time="10.244"/>
  <testcase classname="tests.PmoModuleTest.PmoAdministratorRPNPageTest" name="spaceInRPN" time="31.151"/>
  <testcase classname="tests.PmoModuleTest.PmoAdministratorRPNPageTest" name="rpnExcelExport" time="0.263"/>
</testsuite> <!-- tests.PmoModuleTest.PmoAdministratorRPNPageTest -->
