<?xml version="1.0" encoding="UTF-8"?>
<!-- Generated by org.testng.reporters.JUnitReportReporter -->
<testsuite hostname="DESKTOP-GIUBRHR" failures="0" tests="12" name="tests.PCRPageTest.PCRRemedyTest" time="713.507" errors="0" timestamp="2023-02-14T16:39:32 IST" skipped="0">
  <testcase classname="tests.PCRPageTest.PCRRemedyTest" name="LaunchPCRmodule" time="40.778"/>
  <testcase classname="tests.PCRPageTest.PCRRemedyTest" name="navigatetoMasterLink" time="10.804"/>
  <testcase classname="tests.PCRPageTest.PCRRemedyTest" name="navigatetoSymptomLink" time="20.687"/>
  <testcase classname="tests.PCRPageTest.PCRRemedyTest" name="addNewRecord" time="107.236"/>
  <testcase classname="tests.PCRPageTest.PCRRemedyTest" name="duplicateRecord" time="211.498"/>
  <testcase classname="tests.PCRPageTest.PCRRemedyTest" name="validateAddNewRecord" time="20.457"/>
  <testcase classname="tests.PCRPageTest.PCRRemedyTest" name="saveButtonForBlankRecords" time="104.053"/>
  <testcase classname="tests.PCRPageTest.PCRRemedyTest" name="editRecord" time="60.489"/>
  <testcase classname="tests.PCRPageTest.PCRRemedyTest" name="validateEditedRecord" time="20.346"/>
  <testcase classname="tests.PCRPageTest.PCRRemedyTest" name="deleteRecord" time="48.548"/>
  <testcase classname="tests.PCRPageTest.PCRRemedyTest" name="validateDeletedRecord" time="20.481"/>
  <testcase classname="tests.PCRPageTest.PCRRemedyTest" name="noDeleteRecord" time="48.130"/>
</testsuite> <!-- tests.PCRPageTest.PCRRemedyTest -->
