<?xml version="1.0" encoding="UTF-8"?>
<!-- Generated by org.testng.reporters.JUnitReportReporter -->
<testsuite hostname="DESKTOP-AUNNS5C" failures="0" tests="28" name="pmoMyWorkspaceModuleTest.PmoMyWorkspaceReviewModuleTest" time="531.326" errors="0" timestamp="2023-01-17T17:13:06 IST" skipped="0">
  <testcase classname="pmoMyWorkspaceModuleTest.PmoMyWorkspaceReviewModuleTest" name="LaunchPmomodule" time="45.652"/>
  <testcase classname="pmoMyWorkspaceModuleTest.PmoMyWorkspaceReviewModuleTest" name="searchAsset" time="2.581"/>
  <testcase classname="pmoMyWorkspaceModuleTest.PmoMyWorkspaceReviewModuleTest" name="ContinueButton" time="15.642"/>
  <testcase classname="pmoMyWorkspaceModuleTest.PmoMyWorkspaceReviewModuleTest" name="ClickOnTask" time="22.943"/>
  <testcase classname="pmoMyWorkspaceModuleTest.PmoMyWorkspaceReviewModuleTest" name="ClickOnSearchTask" time="22.810"/>
  <testcase classname="pmoMyWorkspaceModuleTest.PmoMyWorkspaceReviewModuleTest" name="ClickOnDeleteTask" time="22.846"/>
  <testcase classname="pmoMyWorkspaceModuleTest.PmoMyWorkspaceReviewModuleTest" name="ClickOnSaveTask" time="12.354"/>
  <testcase classname="pmoMyWorkspaceModuleTest.PmoMyWorkspaceReviewModuleTest" name="PartTab" time="12.544"/>
  <testcase classname="pmoMyWorkspaceModuleTest.PmoMyWorkspaceReviewModuleTest" name="ClickonTask" time="22.926"/>
  <testcase classname="pmoMyWorkspaceModuleTest.PmoMyWorkspaceReviewModuleTest" name="ClickOnSearchTask2" time="22.627"/>
  <testcase classname="pmoMyWorkspaceModuleTest.PmoMyWorkspaceReviewModuleTest" name="ClickOnDeleteTask2" time="22.781"/>
  <testcase classname="pmoMyWorkspaceModuleTest.PmoMyWorkspaceReviewModuleTest" name="ClickOnSaveTask2" time="12.369"/>
  <testcase classname="pmoMyWorkspaceModuleTest.PmoMyWorkspaceReviewModuleTest" name="TaskDestination" time="12.554"/>
  <testcase classname="pmoMyWorkspaceModuleTest.PmoMyWorkspaceReviewModuleTest" name="ClickonTask3" time="22.981"/>
  <testcase classname="pmoMyWorkspaceModuleTest.PmoMyWorkspaceReviewModuleTest" name="ClickOnSearchTask3" time="22.620"/>
  <testcase classname="pmoMyWorkspaceModuleTest.PmoMyWorkspaceReviewModuleTest" name="ClickOnDeleteTask3" time="22.737"/>
  <testcase classname="pmoMyWorkspaceModuleTest.PmoMyWorkspaceReviewModuleTest" name="ClickOnSaveTask3" time="12.375"/>
  <testcase classname="pmoMyWorkspaceModuleTest.PmoMyWorkspaceReviewModuleTest" name="TotalCostTab" time="12.562"/>
  <testcase classname="pmoMyWorkspaceModuleTest.PmoMyWorkspaceReviewModuleTest" name="ClickonTask4" time="22.986"/>
  <testcase classname="pmoMyWorkspaceModuleTest.PmoMyWorkspaceReviewModuleTest" name="ClickOnSearchTask4" time="23.158"/>
  <testcase classname="pmoMyWorkspaceModuleTest.PmoMyWorkspaceReviewModuleTest" name="ClickOnDeleteTask4" time="22.773"/>
  <testcase classname="pmoMyWorkspaceModuleTest.PmoMyWorkspaceReviewModuleTest" name="ClickOnSaveTask4" time="12.495"/>
  <testcase classname="pmoMyWorkspaceModuleTest.PmoMyWorkspaceReviewModuleTest" name="JPComparisionTab" time="22.956"/>
  <testcase classname="pmoMyWorkspaceModuleTest.PmoMyWorkspaceReviewModuleTest" name="JPComparisionTabtask" time="12.487"/>
  <testcase classname="pmoMyWorkspaceModuleTest.PmoMyWorkspaceReviewModuleTest" name="JPComparisionTabtaskEdit" time="12.544"/>
  <testcase classname="pmoMyWorkspaceModuleTest.PmoMyWorkspaceReviewModuleTest" name="ClickOnSearchTask5" time="22.752"/>
  <testcase classname="pmoMyWorkspaceModuleTest.PmoMyWorkspaceReviewModuleTest" name="ClickOnDeleteTask5" time="22.898"/>
  <testcase classname="pmoMyWorkspaceModuleTest.PmoMyWorkspaceReviewModuleTest" name="ClickOnSaveTask5" time="12.373"/>
</testsuite> <!-- pmoMyWorkspaceModuleTest.PmoMyWorkspaceReviewModuleTest -->
