<?xml version="1.0" encoding="UTF-8"?>
<!-- Generated by org.testng.reporters.JUnitReportReporter -->
<testsuite hostname="DESKTOP-GIUBRHR" failures="0" tests="12" name="tests.PCRPageTest.PCRSymptomTest" time="711.628" errors="0" timestamp="2023-02-16T18:28:55 IST" skipped="0">
  <testcase classname="tests.PCRPageTest.PCRSymptomTest" name="LaunchPCRmodule" time="37.330"/>
  <testcase classname="tests.PCRPageTest.PCRSymptomTest" name="navigatetoMasterLink" time="10.736"/>
  <testcase classname="tests.PCRPageTest.PCRSymptomTest" name="navigatetoSymptomLink" time="20.726"/>
  <testcase classname="tests.PCRPageTest.PCRSymptomTest" name="addNewRecord" time="105.336"/>
  <testcase classname="tests.PCRPageTest.PCRSymptomTest" name="duplicateRecord" time="208.460"/>
  <testcase classname="tests.PCRPageTest.PCRSymptomTest" name="validateAddNewRecord" time="20.190"/>
  <testcase classname="tests.PCRPageTest.PCRSymptomTest" name="saveButtonForBlankRecords" time="104.109"/>
  <testcase classname="tests.PCRPageTest.PCRSymptomTest" name="editRecord" time="81.729"/>
  <testcase classname="tests.PCRPageTest.PCRSymptomTest" name="validateEditedRecord" time="20.679"/>
  <testcase classname="tests.PCRPageTest.PCRSymptomTest" name="deleteRecord" time="41.165"/>
  <testcase classname="tests.PCRPageTest.PCRSymptomTest" name="validateDeletedRecord" time="20.266"/>
  <testcase classname="tests.PCRPageTest.PCRSymptomTest" name="noDeleteRecord" time="40.902"/>
</testsuite> <!-- tests.PCRPageTest.PCRSymptomTest -->
