<?xml version="1.0" encoding="UTF-8"?>
<!-- Generated by org.testng.reporters.JUnitReportReporter -->
<testsuite hostname="Dipak" failures="0" tests="10" name="tests.PCRPageTest.PCRComponentClassPageTest" time="80.200" errors="0" timestamp="2023-02-03T16:39:54 IST" skipped="7">
  <testcase classname="tests.PCRPageTest.PCRComponentClassPageTest" name="LaunchPCRmodule" time="48.231"/>
  <testcase classname="tests.PCRPageTest.PCRComponentClassPageTest" name="Master" time="21.327"/>
  <testcase classname="tests.PCRPageTest.PCRComponentClassPageTest" name="VerifyDelete" time="10.642"/>
  <testcase classname="tests.PCRPageTest.PCRComponentClassPageTest" name="Validation">
    <skipped/>
  </testcase> <!-- Validation -->
  <testcase classname="tests.PCRPageTest.PCRComponentClassPageTest" name="VerifyRecordDesc">
    <skipped/>
  </testcase> <!-- VerifyRecordDesc -->
  <testcase classname="tests.PCRPageTest.PCRComponentClassPageTest" name="Delete">
    <skipped/>
  </testcase> <!-- Delete -->
  <testcase classname="tests.PCRPageTest.PCRComponentClassPageTest" name="Filter">
    <skipped/>
  </testcase> <!-- Filter -->
  <testcase classname="tests.PCRPageTest.PCRComponentClassPageTest" name="VerifyRecord">
    <skipped/>
  </testcase> <!-- VerifyRecord -->
  <testcase classname="tests.PCRPageTest.PCRComponentClassPageTest" name="CreateRecord">
    <skipped/>
  </testcase> <!-- CreateRecord -->
  <testcase classname="tests.PCRPageTest.PCRComponentClassPageTest" name="Update">
    <skipped/>
  </testcase> <!-- Update -->
</testsuite> <!-- tests.PCRPageTest.PCRComponentClassPageTest -->
