<?xml version="1.0" encoding="UTF-8"?>
<!-- Generated by org.testng.reporters.JUnitReportReporter -->
<testsuite hostname="Dipak" failures="0" tests="9" name="tests.PCRPageTest.PCRSizeclassficationPageTest" time="240.823" errors="0" timestamp="2023-02-03T12:11:29 IST" skipped="0">
  <testcase classname="tests.PCRPageTest.PCRSizeclassficationPageTest" name="LaunchPCRmodule" time="38.464"/>
  <testcase classname="tests.PCRPageTest.PCRSizeclassficationPageTest" name="Master" time="20.819"/>
  <testcase classname="tests.PCRPageTest.PCRSizeclassficationPageTest" name="CreateRecord" time="31.155"/>
  <testcase classname="tests.PCRPageTest.PCRSizeclassficationPageTest" name="VerifyRecord" time="0.123"/>
  <testcase classname="tests.PCRPageTest.PCRSizeclassficationPageTest" name="Validation" time="56.828"/>
  <testcase classname="tests.PCRPageTest.PCRSizeclassficationPageTest" name="Update" time="35.987"/>
  <testcase classname="tests.PCRPageTest.PCRSizeclassficationPageTest" name="VerifyRecordDesc" time="0.138"/>
  <testcase classname="tests.PCRPageTest.PCRSizeclassficationPageTest" name="Filter" time="16.152"/>
  <testcase classname="tests.PCRPageTest.PCRSizeclassficationPageTest" name="Delete" time="41.157"/>
</testsuite> <!-- tests.PCRPageTest.PCRSizeclassficationPageTest -->
