<?xml version="1.0" encoding="UTF-8"?>
<!-- Generated by org.testng.reporters.JUnitReportReporter -->
<testsuite hostname="Dipak" failures="0" tests="23" name="tests.PmoModuleTest.PmoAdministratorHeaderFooterPageTest" time="419.521" errors="0" timestamp="2023-03-28T16:09:01 IST" skipped="1">
  <testcase classname="tests.PmoModuleTest.PmoAdministratorHeaderFooterPageTest" name="LaunchPmomodule" time="25.005"/>
  <testcase classname="tests.PmoModuleTest.PmoAdministratorHeaderFooterPageTest" name="addCraft" time="60.055"/>
  <testcase classname="tests.PmoModuleTest.PmoAdministratorHeaderFooterPageTest" name="ClickonHeadermodule" time="0.366"/>
  <testcase classname="tests.PmoModuleTest.PmoAdministratorHeaderFooterPageTest" name="verifyHeader" time="10.420"/>
  <testcase classname="tests.PmoModuleTest.PmoAdministratorHeaderFooterPageTest" name="spaceInHeader" time="10.936"/>
  <testcase classname="tests.PmoModuleTest.PmoAdministratorHeaderFooterPageTest" name="addHeader" time="14.798"/>
  <testcase classname="tests.PmoModuleTest.PmoAdministratorHeaderFooterPageTest" name="editHeaderMaster" time="54.140"/>
  <testcase classname="tests.PmoModuleTest.PmoAdministratorHeaderFooterPageTest" name="verifyDuplicateHeader" time="24.037"/>
  <testcase classname="tests.PmoModuleTest.PmoAdministratorHeaderFooterPageTest" name="deleteHeader" time="32.016"/>
  <testcase classname="tests.PmoModuleTest.PmoAdministratorHeaderFooterPageTest" name="excelFileHeader" time="0.446"/>
  <testcase classname="tests.PmoModuleTest.PmoAdministratorHeaderFooterPageTest" name="numericValidationHeader" time="3.991"/>
  <testcase classname="tests.PmoModuleTest.PmoAdministratorHeaderFooterPageTest" name="saveDisableHeader" time="10.411"/>
  <testcase classname="tests.PmoModuleTest.PmoAdministratorHeaderFooterPageTest" name="ClickonFootermodule" time="0.477"/>
  <testcase classname="tests.PmoModuleTest.PmoAdministratorHeaderFooterPageTest" name="spaceInFooter" time="10.832"/>
  <testcase classname="tests.PmoModuleTest.PmoAdministratorHeaderFooterPageTest" name="addFooter" time="13.061"/>
  <testcase classname="tests.PmoModuleTest.PmoAdministratorHeaderFooterPageTest" name="editFooterMaster" time="53.837"/>
  <testcase classname="tests.PmoModuleTest.PmoAdministratorHeaderFooterPageTest" name="verifyDuplicateFooter" time="23.590"/>
  <testcase classname="tests.PmoModuleTest.PmoAdministratorHeaderFooterPageTest" name="deleteFooter" time="40.907"/>
  <testcase classname="tests.PmoModuleTest.PmoAdministratorHeaderFooterPageTest" name="excelFileFooter" time="0.282"/>
  <testcase classname="tests.PmoModuleTest.PmoAdministratorHeaderFooterPageTest" name="numericValidationFooter" time="2.955"/>
  <testcase classname="tests.PmoModuleTest.PmoAdministratorHeaderFooterPageTest" name="saveDisableFooter" time="10.521"/>
  <testcase classname="tests.PmoModuleTest.PmoAdministratorHeaderFooterPageTest" name="deleteCraft" time="16.438"/>
  <testcase classname="tests.PmoModuleTest.PmoAdministratorHeaderFooterPageTest" name="roughdeleteCraft">
    <skipped/>
  </testcase> <!-- roughdeleteCraft -->
</testsuite> <!-- tests.PmoModuleTest.PmoAdministratorHeaderFooterPageTest -->
