<?xml version="1.0" encoding="UTF-8"?>
<!-- Generated by org.testng.reporters.JUnitReportReporter -->
<testsuite hostname="Dipak" failures="0" tests="1" name="tests.ModernaTest.AssetEventUpdate" time="96.962" errors="1" timestamp="2023-08-08T14:04:01 IST" skipped="0">
  <testcase classname="tests.ModernaTest.AssetEventUpdate" name="f" time="96.962">
    <error message="Java heap space" type="java.lang.OutOfMemoryError">
      <![CDATA[java.lang.OutOfMemoryError: Java heap space
at org.apache.xmlbeans.impl.store.Cur$CurLoadContext.attr(Cur.java:3039)
at org.apache.xmlbeans.impl.store.Cur$CurLoadContext.attr(Cur.java:3060)
at org.apache.xmlbeans.impl.store.Locale$SaxHandler.startElement(Locale.java:3250)
at org.apache.xmlbeans.impl.piccolo.xml.Piccolo.reportStartTag(Piccolo.java:1082)
at org.apache.xmlbeans.impl.piccolo.xml.PiccoloLexer.parseAttributesNS(PiccoloLexer.java:1802)
at org.apache.xmlbeans.impl.piccolo.xml.PiccoloLexer.parseOpenTagNS(PiccoloLexer.java:1521)
at org.apache.xmlbeans.impl.piccolo.xml.PiccoloLexer.parseTagNS(PiccoloLexer.java:1362)
at org.apache.xmlbeans.impl.piccolo.xml.PiccoloLexer.yylex(PiccoloLexer.java:4678)
at org.apache.xmlbeans.impl.piccolo.xml.Piccolo.yylex(Piccolo.java:1290)
at org.apache.xmlbeans.impl.piccolo.xml.Piccolo.yyparse(Piccolo.java:1400)
at org.apache.xmlbeans.impl.piccolo.xml.Piccolo.parse(Piccolo.java:714)
at org.apache.xmlbeans.impl.store.Locale$SaxLoader.load(Locale.java:3439)
at org.apache.xmlbeans.impl.store.Locale.parseToXmlObject(Locale.java:1270)
at org.apache.xmlbeans.impl.store.Locale.parseToXmlObject(Locale.java:1257)
at org.apache.xmlbeans.impl.schema.SchemaTypeLoaderBase.parse(SchemaTypeLoaderBase.java:345)
at org.openxmlformats.schemas.spreadsheetml.x2006.main.WorksheetDocument$Factory.parse(Unknown Source)
at org.apache.poi.xssf.usermodel.XSSFSheet.read(XSSFSheet.java:138)
at org.apache.poi.xssf.usermodel.XSSFSheet.onDocumentRead(XSSFSheet.java:130)
at org.apache.poi.xssf.usermodel.XSSFWorkbook.onDocumentRead(XSSFWorkbook.java:286)
at org.apache.poi.POIXMLDocument.load(POIXMLDocument.java:159)
at org.apache.poi.xssf.usermodel.XSSFWorkbook.<init>(XSSFWorkbook.java:207)
at tests.ModernaTest.AssetEventUpdate.f(AssetEventUpdate.java:37)
at java.base/jdk.internal.reflect.NativeMethodAccessorImpl.invoke0(Native Method)
at java.base/jdk.internal.reflect.NativeMethodAccessorImpl.invoke(NativeMethodAccessorImpl.java:77)
at java.base/jdk.internal.reflect.DelegatingMethodAccessorImpl.invoke(DelegatingMethodAccessorImpl.java:43)
at java.base/java.lang.reflect.Method.invoke(Method.java:568)
at org.testng.internal.MethodInvocationHelper.invokeMethod(MethodInvocationHelper.java:133)
at org.testng.internal.TestInvoker.invokeMethod(TestInvoker.java:584)
at org.testng.internal.TestInvoker.invokeTestMethod(TestInvoker.java:172)
at org.testng.internal.MethodRunner.runInSequence(MethodRunner.java:46)
at org.testng.internal.TestInvoker$MethodInvocationAgent.invoke(TestInvoker.java:804)
at org.testng.internal.TestInvoker.invokeTestMethods(TestInvoker.java:145)
]]>
    </error>
  </testcase> <!-- f -->
</testsuite> <!-- tests.ModernaTest.AssetEventUpdate -->
