<?xml version="1.0" encoding="UTF-8"?>
<!-- Generated by org.testng.reporters.JUnitReportReporter -->
<testsuite hostname="Dipak" failures="0" tests="10" name="tests.PmoModuleTest.PmoAdminApproachPageTest" time="362.864" errors="0" timestamp="2023-03-28T15:44:06 IST" skipped="0">
  <testcase classname="tests.PmoModuleTest.PmoAdminApproachPageTest" name="LaunchPmomodule" time="23.112"/>
  <testcase classname="tests.PmoModuleTest.PmoAdminApproachPageTest" name="clickApproachLink" time="10.322"/>
  <testcase classname="tests.PmoModuleTest.PmoAdminApproachPageTest" name="verifyHeader" time="10.573"/>
  <testcase classname="tests.PmoModuleTest.PmoAdminApproachPageTest" name="spaceInApproach" time="30.679"/>
  <testcase classname="tests.PmoModuleTest.PmoAdminApproachPageTest" name="addApproach" time="51.579"/>
  <testcase classname="tests.PmoModuleTest.PmoAdminApproachPageTest" name="editApproach" time="71.802"/>
  <testcase classname="tests.PmoModuleTest.PmoAdminApproachPageTest" name="duplicateApproach" time="61.828"/>
  <testcase classname="tests.PmoModuleTest.PmoAdminApproachPageTest" name="deleteApproach" time="72.044"/>
  <testcase classname="tests.PmoModuleTest.PmoAdminApproachPageTest" name="excelExportApproach" time="10.365"/>
  <testcase classname="tests.PmoModuleTest.PmoAdminApproachPageTest" name="saveDisableButtonApproach" time="20.560"/>
</testsuite> <!-- tests.PmoModuleTest.PmoAdminApproachPageTest -->
