<?xml version="1.0" encoding="UTF-8"?>
<!-- Generated by org.testng.reporters.JUnitReportReporter -->
<testsuite hostname="DESKTOP-0IR7D7Q" failures="0" tests="3" name="TESTNG_Automation.Skip_Test_Cases" time="0.055" errors="0" timestamp="2024-06-17T09:53:41 IST" skipped="2">
  <testcase classname="TESTNG_Automation.Skip_Test_Cases" name="skipTest2" time="0.050">
    <skipped/>
  </testcase> <!-- skipTest2 -->
  <testcase classname="TESTNG_Automation.Skip_Test_Cases" name="skipTest3" time="0.005"/>
  <testcase classname="TESTNG_Automation.Skip_Test_Cases" name="skipTest1">
    <skipped/>
  </testcase> <!-- skipTest1 -->
</testsuite> <!-- TESTNG_Automation.Skip_Test_Cases -->
