<?xml version="1.0" encoding="UTF-8"?>
<!-- Generated by org.testng.reporters.JUnitReportReporter -->
<testsuite hostname="Dipak" failures="0" tests="10" name="tests.PmoModuleTest.PmoAdminFailurecodePageTest" time="270.942" errors="0" timestamp="2023-03-28T15:44:06 IST" skipped="0">
  <testcase classname="tests.PmoModuleTest.PmoAdminFailurecodePageTest" name="LaunchPmomodule" time="23.395"/>
  <testcase classname="tests.PmoModuleTest.PmoAdminFailurecodePageTest" name="ClickonFailureCodemodule" time="5.276"/>
  <testcase classname="tests.PmoModuleTest.PmoAdminFailurecodePageTest" name="verifyHeader" time="14.105"/>
  <testcase classname="tests.PmoModuleTest.PmoAdminFailurecodePageTest" name="spaceInFailureCode" time="17.528"/>
  <testcase classname="tests.PmoModuleTest.PmoAdminFailurecodePageTest" name="addFailureCode" time="38.291"/>
  <testcase classname="tests.PmoModuleTest.PmoAdminFailurecodePageTest" name="editFailureCode" time="48.759"/>
  <testcase classname="tests.PmoModuleTest.PmoAdminFailurecodePageTest" name="duplicateFailureCode" time="43.687"/>
  <testcase classname="tests.PmoModuleTest.PmoAdminFailurecodePageTest" name="deleteFailureCode" time="57.188"/>
  <testcase classname="tests.PmoModuleTest.PmoAdminFailurecodePageTest" name="excelExport" time="5.440"/>
  <testcase classname="tests.PmoModuleTest.PmoAdminFailurecodePageTest" name="saveDisableFailurecode" time="17.273"/>
</testsuite> <!-- tests.PmoModuleTest.PmoAdminFailurecodePageTest -->
