<?xml version="1.0" encoding="UTF-8"?>
<!-- Generated by org.testng.reporters.JUnitReportReporter -->
<testsuite hostname="Dipak" failures="0" tests="1" name="tests.ModernaTest.EventCreation" time="3938.121" errors="0" timestamp="2023-07-04T17:43:29 IST" skipped="0">
  <testcase classname="tests.ModernaTest.EventCreation" name="f" time="3938.121"/>
</testsuite> <!-- tests.ModernaTest.EventCreation -->
