<?xml version="1.0" encoding="UTF-8"?>
<!-- Generated by org.testng.reporters.JUnitReportReporter -->
<testsuite hostname="Dipak" failures="0" tests="10" name="tests.PCRPageTest.PCRComponentSubClassPageTest" time="357.769" errors="0" timestamp="2023-02-06T20:08:56 IST" skipped="0">
  <testcase classname="tests.PCRPageTest.PCRComponentSubClassPageTest" name="LaunchPCRmodule" time="38.651"/>
  <testcase classname="tests.PCRPageTest.PCRComponentSubClassPageTest" name="Master" time="20.811"/>
  <testcase classname="tests.PCRPageTest.PCRComponentSubClassPageTest" name="CreateRecord" time="51.757"/>
  <testcase classname="tests.PCRPageTest.PCRComponentSubClassPageTest" name="VerifyRecord" time="0.175"/>
  <testcase classname="tests.PCRPageTest.PCRComponentSubClassPageTest" name="Validation" time="112.498"/>
  <testcase classname="tests.PCRPageTest.PCRComponentSubClassPageTest" name="Update" time="36.061"/>
  <testcase classname="tests.PCRPageTest.PCRComponentSubClassPageTest" name="VerifyRecordDesc" time="0.149"/>
  <testcase classname="tests.PCRPageTest.PCRComponentSubClassPageTest" name="Filter" time="16.149"/>
  <testcase classname="tests.PCRPageTest.PCRComponentSubClassPageTest" name="Delete" time="40.989"/>
  <testcase classname="tests.PCRPageTest.PCRComponentSubClassPageTest" name="VerifyDelete" time="40.529"/>
</testsuite> <!-- tests.PCRPageTest.PCRComponentSubClassPageTest -->
