<?xml version="1.0" encoding="UTF-8"?>
<!-- Generated by org.testng.reporters.JUnitReportReporter -->
<testsuite hostname="Dipak" failures="0" tests="16" name="tests.PmoModuleTest.PmoAdminMeasurePageTest" time="711.912" errors="0" timestamp="2023-03-28T16:46:11 IST" skipped="0">
  <testcase classname="tests.PmoModuleTest.PmoAdminMeasurePageTest" name="LaunchPmomodule" time="23.439"/>
  <testcase classname="tests.PmoModuleTest.PmoAdminMeasurePageTest" name="clickMeasureLink" time="10.388"/>
  <testcase classname="tests.PmoModuleTest.PmoAdminMeasurePageTest" name="verifyMeasureHeader" time="10.598"/>
  <testcase classname="tests.PmoModuleTest.PmoAdminMeasurePageTest" name="spaceInMeasure" time="15.965"/>
  <testcase classname="tests.PmoModuleTest.PmoAdminMeasurePageTest" name="addMeasure" time="92.309"/>
  <testcase classname="tests.PmoModuleTest.PmoAdminMeasurePageTest" name="editMeasure" time="112.101"/>
  <testcase classname="tests.PmoModuleTest.PmoAdminMeasurePageTest" name="duplicateMeasure" time="61.737"/>
  <testcase classname="tests.PmoModuleTest.PmoAdminMeasurePageTest" name="removeUomList" time="37.097"/>
  <testcase classname="tests.PmoModuleTest.PmoAdminMeasurePageTest" name="resetmeasure" time="25.989"/>
  <testcase classname="tests.PmoModuleTest.PmoAdminMeasurePageTest" name="deleteMeasure" time="56.638"/>
  <testcase classname="tests.PmoModuleTest.PmoAdminMeasurePageTest" name="addnewuom" time="47.086"/>
  <testcase classname="tests.PmoModuleTest.PmoAdminMeasurePageTest" name="EditUOM" time="57.136"/>
  <testcase classname="tests.PmoModuleTest.PmoAdminMeasurePageTest" name="newUomInDropDown" time="119.174"/>
  <testcase classname="tests.PmoModuleTest.PmoAdminMeasurePageTest" name="deleteMeasurementUOMInMeasure" time="31.653"/>
  <testcase classname="tests.PmoModuleTest.PmoAdminMeasurePageTest" name="excelExportMeasurementUOMInMeasure" time="10.482"/>
  <testcase classname="tests.PmoModuleTest.PmoAdminMeasurePageTest" name="saveDisableMeasure" time="0.120"/>
</testsuite> <!-- tests.PmoModuleTest.PmoAdminMeasurePageTest -->
