<?xml version="1.0" encoding="UTF-8"?>
<!-- Generated by org.testng.reporters.JUnitReportReporter -->
<testsuite hostname="Dipak" failures="0" tests="6" name="tests.PmoModuleTest.PmoAdminAssetStatusPageTest" time="122.463" errors="0" timestamp="2023-03-28T16:09:01 IST" skipped="0">
  <testcase classname="tests.PmoModuleTest.PmoAdminAssetStatusPageTest" name="LaunchPmomodule" time="23.796"/>
  <testcase classname="tests.PmoModuleTest.PmoAdminAssetStatusPageTest" name="ClickonAssetStatusmodule" time="5.280"/>
  <testcase classname="tests.PmoModuleTest.PmoAdminAssetStatusPageTest" name="verifyHeaderofAssetStatusScreen" time="10.486"/>
  <testcase classname="tests.PmoModuleTest.PmoAdminAssetStatusPageTest" name="spaceInAssetStatus" time="26.038"/>
  <testcase classname="tests.PmoModuleTest.PmoAdminAssetStatusPageTest" name="editAssetStatusMaster" time="36.558"/>
  <testcase classname="tests.PmoModuleTest.PmoAdminAssetStatusPageTest" name="excelFileAssetStatus" time="20.305"/>
</testsuite> <!-- tests.PmoModuleTest.PmoAdminAssetStatusPageTest -->
