<?xml version="1.0" encoding="UTF-8"?>
<!-- Generated by org.testng.reporters.JUnitReportReporter -->
<testsuite hostname="Dipak" failures="0" tests="4" name="tests.PCRPageTest.PCRDASHBOARDMainTest" time="184.665" errors="0" timestamp="2023-02-17T18:29:09 IST" skipped="0">
  <testcase classname="tests.PCRPageTest.PCRDASHBOARDMainTest" name="LaunchPCRmodule" time="38.811"/>
  <testcase classname="tests.PCRPageTest.PCRDASHBOARDMainTest" name="recoverScreen" time="21.172"/>
  <testcase classname="tests.PCRPageTest.PCRDASHBOARDMainTest" name="RecoverComponent" time="42.207"/>
  <testcase classname="tests.PCRPageTest.PCRDASHBOARDMainTest" name="cancleRecoverComponent" time="82.475"/>
</testsuite> <!-- tests.PCRPageTest.PCRDASHBOARDMainTest -->
