<?xml version="1.0" encoding="UTF-8"?>
<!-- Generated by org.testng.reporters.JUnitReportReporter -->
<testsuite hostname="DESKTOP-0IR7D7Q" failures="0" tests="1" name="ui.VerifyTitle" time="16.834" errors="0" timestamp="2024-06-10T15:50:01 IST" skipped="0">
  <testcase classname="ui.VerifyTitle" name="titleTest" time="16.834"/>
</testsuite> <!-- ui.VerifyTitle -->
