<?xml version="1.0" encoding="UTF-8"?>
<!-- Generated by org.testng.reporters.JUnitReportReporter -->
<testsuite hostname="DESKTOP-AUNNS5C" failures="0" tests="11" name="tests.PCRPageTest.PCRAssetSubTypeTest" time="395.504" errors="0" timestamp="2023-02-09T16:33:48 IST" skipped="0">
  <testcase classname="tests.PCRPageTest.PCRAssetSubTypeTest" name="LaunchPCRmodule" time="40.068"/>
  <testcase classname="tests.PCRPageTest.PCRAssetSubTypeTest" name="Master" time="40.699"/>
  <testcase classname="tests.PCRPageTest.PCRAssetSubTypeTest" name="AssetSubType" time="10.709"/>
  <testcase classname="tests.PCRPageTest.PCRAssetSubTypeTest" name="Addnew" time="67.054"/>
  <testcase classname="tests.PCRPageTest.PCRAssetSubTypeTest" name="AddnewVali" time="0.149"/>
  <testcase classname="tests.PCRPageTest.PCRAssetSubTypeTest" name="Filter" time="10.664"/>
  <testcase classname="tests.PCRPageTest.PCRAssetSubTypeTest" name="Edit" time="57.154"/>
  <testcase classname="tests.PCRPageTest.PCRAssetSubTypeTest" name="editnewVali" time="0.125"/>
  <testcase classname="tests.PCRPageTest.PCRAssetSubTypeTest" name="Duplicate" time="97.417"/>
  <testcase classname="tests.PCRPageTest.PCRAssetSubTypeTest" name="Delete" time="30.832"/>
  <testcase classname="tests.PCRPageTest.PCRAssetSubTypeTest" name="DeleteVali" time="40.633"/>
</testsuite> <!-- tests.PCRPageTest.PCRAssetSubTypeTest -->
